Date : 2019-03-05 오후 3:44:20
Domain : mjc
Browser : Mozilla/5.0 (Windows NT 6.1; Win64; x64) AppleWebKit/537.36 (KHTML, like Gecko) Chrome/72.0.3626.121 Safari/537.36
IIS Error Number : ASP 0251
COM Error Number : -2147467259 (0x80004005)
File Name : /MatrixHtmlRecord.asp
Line Number : 288
Brief Description : Response 버퍼 제한 초과됨
Full Description : ASP 페이지를 실행하여 Response 버퍼의 구성된 제한이 초과되었습니다.

Date : 2019-03-05 오후 3:44:24
Domain : mjc
Browser : Mozilla/5.0 (Windows NT 6.1; Win64; x64) AppleWebKit/537.36 (KHTML, like Gecko) Chrome/72.0.3626.121 Safari/537.36
IIS Error Number : ASP 0251
COM Error Number : -2147467259 (0x80004005)
File Name : /MatrixHtmlRecord.asp
Line Number : 288
Brief Description : Response 버퍼 제한 초과됨
Full Description : ASP 페이지를 실행하여 Response 버퍼의 구성된 제한이 초과되었습니다.

Date : 2019-03-05 오후 3:44:34
Domain : mjc
Browser : Mozilla/5.0 (Windows NT 6.1; Win64; x64) AppleWebKit/537.36 (KHTML, like Gecko) Chrome/72.0.3626.121 Safari/537.36
IIS Error Number : ASP 0251
COM Error Number : -2147467259 (0x80004005)
File Name : /StatsListTxtDownload.asp
Line Number : 410
Brief Description : Response 버퍼 제한 초과됨
Full Description : ASP 페이지를 실행하여 Response 버퍼의 구성된 제한이 초과되었습니다.

Date : 2019-03-05 오후 3:45:50
Domain : mjc
Browser : Mozilla/5.0 (Windows NT 6.1; Win64; x64) AppleWebKit/537.36 (KHTML, like Gecko) Chrome/72.0.3626.121 Safari/537.36
IIS Error Number : ASP 0251
COM Error Number : -2147467259 (0x80004005)
File Name : /StatsListTxtDownload.asp
Line Number : 410
Brief Description : Response 버퍼 제한 초과됨
Full Description : ASP 페이지를 실행하여 Response 버퍼의 구성된 제한이 초과되었습니다.

Date : 2019-03-05 오후 3:45:54
Domain : mjc
Browser : Mozilla/5.0 (Windows NT 6.1; Win64; x64) AppleWebKit/537.36 (KHTML, like Gecko) Chrome/72.0.3626.121 Safari/537.36
COM Error Number : -2147220992 (0x80040200)
File Name : /MatrixHtmlRecord.asp
Line Number : 288
Brief Description : The Application was disconnected.

Date : 2019-03-05 오후 3:45:57
Domain : mjc
Browser : Mozilla/5.0 (Windows NT 6.1; Win64; x64) AppleWebKit/537.36 (KHTML, like Gecko) Chrome/72.0.3626.121 Safari/537.36
IIS Error Number : ASP 0251
COM Error Number : -2147467259 (0x80004005)
File Name : /MatrixHtmlRecord.asp
Line Number : 288
Brief Description : Response 버퍼 제한 초과됨
Full Description : ASP 페이지를 실행하여 Response 버퍼의 구성된 제한이 초과되었습니다.

Date : 2019-03-05 오후 3:46:07
Domain : mjc
Browser : Mozilla/5.0 (Windows NT 6.1; Win64; x64) AppleWebKit/537.36 (KHTML, like Gecko) Chrome/72.0.3626.121 Safari/537.36
IIS Error Number : ASP 0251
COM Error Number : -2147467259 (0x80004005)
File Name : /StatsListTxtDownload.asp
Line Number : 410
Brief Description : Response 버퍼 제한 초과됨
Full Description : ASP 페이지를 실행하여 Response 버퍼의 구성된 제한이 초과되었습니다.

Date : 2019-03-05 오후 3:46:11
Domain : mjc
Browser : Mozilla/5.0 (Windows NT 6.1; Win64; x64) AppleWebKit/537.36 (KHTML, like Gecko) Chrome/72.0.3626.121 Safari/537.36
IIS Error Number : ASP 0251
COM Error Number : -2147467259 (0x80004005)
File Name : /MatrixHtmlRecord.asp
Line Number : 288
Brief Description : Response 버퍼 제한 초과됨
Full Description : ASP 페이지를 실행하여 Response 버퍼의 구성된 제한이 초과되었습니다.

