Date : 2019-02-26 오후 1:09:13
Domain : 10.31.11.190
Browser : Mozilla/5.0 (Windows NT 10.0; Win64; x64) AppleWebKit/537.36 (KHTML, like Gecko) Chrome/72.0.3626.119 Safari/537.36
COM Error Number : -2147217865 (0x80040E37)
File Name : /StatsSubject.asp
Line Number : 116
Brief Description : 개체 이름 '##SubjectCodes'이(가) 잘못되었습니다.

Date : 2019-02-26 오후 7:00:11
Domain : 10.31.11.190
Browser : Mozilla/5.0 (Windows NT 10.0; Win64; x64) AppleWebKit/537.36 (KHTML, like Gecko) Chrome/72.0.3626.109 Safari/537.36
COM Error Number : -2147217865 (0x80040E37)
File Name : /StatsSubject.asp
Line Number : 116
Brief Description : 개체 이름 '##StatsSubjectCounts'이(가) 잘못되었습니다.

Date : 2019-02-26 오후 9:14:34
Domain : 10.31.11.190
Browser : Mozilla/5.0 (Windows NT 6.1; Win64; x64) AppleWebKit/537.36 (KHTML, like Gecko) Chrome/72.0.3626.119 Safari/537.36
COM Error Number : -2147217865 (0x80040E37)
File Name : /StatsSubject.asp
Line Number : 116
Brief Description : 개체 이름 '##StatsSubjectCounts'이(가) 잘못되었습니다.

