Date : 2019-02-15 오후 7:23:14
Domain : 10.31.11.190
Browser : Mozilla/5.0 (Windows NT 10.0; Win64; x64) AppleWebKit/537.36 (KHTML, like Gecko) Chrome/72.0.3626.109 Safari/537.36
COM Error Number : -2147217865 (0x80040E37)
File Name : /StatsSubject.asp
Line Number : 116
Brief Description : 개체 이름 '##StatsSubjectCounts'이(가) 잘못되었습니다.

Date : 2019-02-15 오후 7:33:43
Domain : 10.31.11.190
Browser : Mozilla/5.0 (Windows NT 10.0; Win64; x64) AppleWebKit/537.36 (KHTML, like Gecko) Chrome/72.0.3626.109 Safari/537.36
COM Error Number : -2147217865 (0x80040E37)
File Name : /StatsSubject.asp
Line Number : 116
Brief Description : 개체 이름 '##StatsSubjectCounts'이(가) 잘못되었습니다.

Date : 2019-02-15 오후 7:42:52
Domain : 10.31.11.190
Browser : Mozilla/5.0 (Windows NT 10.0; Win64; x64) AppleWebKit/537.36 (KHTML, like Gecko) Chrome/71.0.3578.98 Safari/537.36
COM Error Number : -2147217900 (0x80040E14)
File Name : /StatsSubject.asp
Line Number : 116
Brief Description : 데이터베이스에 '##StatsSubjectCounts'(이)라는 개체가 이미 있습니다.

Date : 2019-02-15 오후 8:12:13
Domain : 10.31.11.190
Browser : Mozilla/5.0 (Windows NT 10.0; Win64; x64) AppleWebKit/537.36 (KHTML, like Gecko) Chrome/72.0.3626.109 Safari/537.36
COM Error Number : -2147217865 (0x80040E37)
File Name : /StatsSubject.asp
Line Number : 116
Brief Description : 개체 이름 '##StatsSubjectCounts'이(가) 잘못되었습니다.

Date : 2019-02-15 오후 8:31:52
Domain : 10.31.11.190
Browser : Mozilla/5.0 (Windows NT 10.0; Win64; x64) AppleWebKit/537.36 (KHTML, like Gecko) Chrome/71.0.3578.98 Safari/537.36
COM Error Number : -2147217865 (0x80040E37)
File Name : /StatsSubject.asp
Line Number : 116
Brief Description : 개체 이름 '##StatsSubjectCounts'이(가) 잘못되었습니다.

Date : 2019-02-15 오후 9:02:06
Domain : 10.31.11.190
Browser : Mozilla/5.0 (Windows NT 10.0; Win64; x64) AppleWebKit/537.36 (KHTML, like Gecko) Chrome/72.0.3626.109 Safari/537.36
COM Error Number : -2147217865 (0x80040E37)
File Name : /StatsSubject.asp
Line Number : 116
Brief Description : 개체 이름 '##StatsSubjectCounts'이(가) 잘못되었습니다.

